<?xml version="1.0" encoding="UTF-8"?>
<!-- Generated by org.testng.reporters.JUnitReportReporter -->
<testsuite hostname="PG0276X9" failures="0" tests="2" name="testCases.TC_002_LoginGmail" time="12.608" errors="0" timestamp="2022-12-20T19:18:00 IST" skipped="0">
  <testcase classname="testCases.TC_002_LoginGmail" name="test_LoginGmail" time="6.587"/>
  <system-out/>
  <testcase classname="testCases.TC_002_LoginGmail" name="test_LoginGmail" time="6.021"/>
  <system-out/>
</testsuite> <!-- testCases.TC_002_LoginGmail -->
