<?xml version="1.0" encoding="UTF-8"?>
<!-- Generated by org.testng.reporters.JUnitReportReporter -->
<testsuite hostname="PG0276X9" failures="0" tests="2" name="testCases.TC_001_LoginDDT" time="13.072" errors="0" timestamp="2023-02-03T10:48:29 IST" skipped="0">
  <testcase classname="testCases.TC_001_LoginDDT" name="test_Login" time="7.465"/>
  <system-out/>
  <testcase classname="testCases.TC_001_LoginDDT" name="test_Login" time="5.607"/>
  <system-out/>
</testsuite> <!-- testCases.TC_001_LoginDDT -->
