<?xml version="1.0" encoding="UTF-8"?>
<!-- Generated by org.testng.reporters.JUnitReportReporter -->
<testsuite hostname="PG0276X9" failures="0" tests="1" name="testCases.TC_003_Search" time="12.636" errors="0" timestamp="2022-12-20T19:18:00 IST" skipped="0">
  <testcase classname="testCases.TC_003_Search" name="test_search" time="12.636"/>
  <system-out/>
</testsuite> <!-- testCases.TC_003_Search -->
